<?xml version="1.0" encoding="UTF-8"?>
<!-- Generated by org.testng.reporters.JUnitReportReporter -->
<testsuite hostname="HP" failures="0" tests="1" name="UdemyMavenPractice.AppiumTest" time="0.010" errors="0" timestamp="22 May 2021 12:45:41 GMT" skipped="0">
  <testcase classname="UdemyMavenPractice.AppiumTest" name="appiumTest" time="0.010"/>
</testsuite> <!-- UdemyMavenPractice.AppiumTest -->
